<?xml version="1.0" encoding="UTF-8"?>
<!-- Generated by org.testng.reporters.JUnitXMLReporter -->
<testsuite hostname="Mani-Maran-Desktop" name="Test" tests="1" failures="1" timestamp="26 May 2018 06:51:40 GMT" time="8.729" errors="0">
  <testcase name="createLead" time="2.493" classname="testCases.TC001_CreateLead">
    <failure type="java.lang.RuntimeException" message="FAILED">
      <![CDATA[java.lang.RuntimeException: FAILED
	at utils.Reporter.reportStep(Reporter.java:49)
	at pages.HomePage.<init>(HomePage.java:16)
	at pages.LoginPage.clickLogin(LoginPage.java:34)
	at testCases.TC001_CreateLead.createLead(TC001_CreateLead.java:29)
	at java.util.concurrent.ThreadPoolExecutor.runWorker(Unknown Source)
	at java.util.concurrent.ThreadPoolExecutor$Worker.run(Unknown Source)
	at java.lang.Thread.run(Unknown Source)
... Removed 10 stack frames]]>
    </failure>
  </testcase> <!-- createLead -->
</testsuite> <!-- Test -->
