<?xml version="1.0" encoding="UTF-8"?>
<testng-results skipped="0" failed="1" total="1" passed="0">
  <reporter-output>
  </reporter-output>
  <suite name="Suite" duration-ms="8729" started-at="2018-05-26T06:51:31Z" finished-at="2018-05-26T06:51:40Z">
    <groups>
      <group name="smoke">
        <method signature="TC001_CreateLead.createLead(java.lang.String, java.lang.String, java.lang.String, java.lang.String, java.lang.String)[pri:0, instance:testCases.TC001_CreateLead@a67c67e]" name="createLead" class="testCases.TC001_CreateLead"/>
      </group> <!-- smoke -->
    </groups>
    <test name="Test" duration-ms="8729" started-at="2018-05-26T06:51:31Z" finished-at="2018-05-26T06:51:40Z">
      <class name="testCases.TC001_CreateLead">
        <test-method status="PASS" signature="startResult()[pri:0, instance:testCases.TC001_CreateLead@a67c67e]" name="startResult" is-config="true" duration-ms="617" started-at="2018-05-26T12:21:30Z" finished-at="2018-05-26T12:21:31Z">
          <reporter-output>
          </reporter-output>
        </test-method> <!-- startResult -->
        <test-method status="PASS" signature="beforeSuite()[pri:0, instance:testCases.TC001_CreateLead@a67c67e]" name="beforeSuite" is-config="true" duration-ms="159" started-at="2018-05-26T12:21:31Z" depends-on-methods="utils.Reporter.startResult" finished-at="2018-05-26T12:21:31Z">
          <reporter-output>
          </reporter-output>
        </test-method> <!-- beforeSuite -->
        <test-method status="PASS" signature="beforeTest()[pri:0, instance:testCases.TC001_CreateLead@a67c67e]" name="beforeTest" is-config="true" duration-ms="1" started-at="2018-05-26T12:21:31Z" finished-at="2018-05-26T12:21:31Z">
          <reporter-output>
          </reporter-output>
        </test-method> <!-- beforeTest -->
        <test-method status="PASS" signature="setData()[pri:0, instance:testCases.TC001_CreateLead@a67c67e]" name="setData" is-config="true" duration-ms="1" started-at="2018-05-26T12:21:31Z" finished-at="2018-05-26T12:21:31Z">
          <reporter-output>
          </reporter-output>
        </test-method> <!-- setData -->
        <test-method status="PASS" signature="beforeMethod()[pri:0, instance:testCases.TC001_CreateLead@a67c67e]" name="beforeMethod" is-config="true" duration-ms="4929" started-at="2018-05-26T12:21:31Z" finished-at="2018-05-26T12:21:36Z">
          <reporter-output>
          </reporter-output>
        </test-method> <!-- beforeMethod -->
        <test-method status="FAIL" signature="createLead(java.lang.String, java.lang.String, java.lang.String, java.lang.String, java.lang.String)[pri:0, instance:testCases.TC001_CreateLead@a67c67e]" name="createLead" duration-ms="2493" started-at="2018-05-26T12:21:36Z" data-provider="fetchData" finished-at="2018-05-26T12:21:39Z">
          <params>
            <param index="0">
              <value>
                <![CDATA[DemoCSR]]>
              </value>
            </param>
            <param index="1">
              <value>
                <![CDATA[crmsfa]]>
              </value>
            </param>
            <param index="2">
              <value>
                <![CDATA[Adhi]]>
              </value>
            </param>
            <param index="3">
              <value>
                <![CDATA[Bros]]>
              </value>
            </param>
            <param index="4">
              <value>
                <![CDATA[Adhi]]>
              </value>
            </param>
          </params>
          <exception class="java.lang.RuntimeException">
            <message>
              <![CDATA[FAILED]]>
            </message>
            <full-stacktrace>
              <![CDATA[java.lang.RuntimeException: FAILED
	at utils.Reporter.reportStep(Reporter.java:49)
	at pages.HomePage.<init>(HomePage.java:16)
	at pages.LoginPage.clickLogin(LoginPage.java:34)
	at testCases.TC001_CreateLead.createLead(TC001_CreateLead.java:29)
	at sun.reflect.NativeMethodAccessorImpl.invoke0(Native Method)
	at sun.reflect.NativeMethodAccessorImpl.invoke(Unknown Source)
	at sun.reflect.DelegatingMethodAccessorImpl.invoke(Unknown Source)
	at java.lang.reflect.Method.invoke(Unknown Source)
	at org.testng.internal.MethodInvocationHelper.invokeMethod(MethodInvocationHelper.java:86)
	at org.testng.internal.Invoker.invokeMethod(Invoker.java:643)
	at org.testng.internal.Invoker.invokeTestMethod(Invoker.java:820)
	at org.testng.internal.Invoker.invokeTestMethods(Invoker.java:1128)
	at org.testng.internal.TestMethodWorker.invokeTestMethods(TestMethodWorker.java:129)
	at org.testng.internal.TestMethodWorker.run(TestMethodWorker.java:112)
	at java.util.concurrent.ThreadPoolExecutor.runWorker(Unknown Source)
	at java.util.concurrent.ThreadPoolExecutor$Worker.run(Unknown Source)
	at java.lang.Thread.run(Unknown Source)
]]>
            </full-stacktrace>
          </exception> <!-- java.lang.RuntimeException -->
          <reporter-output>
          </reporter-output>
        </test-method> <!-- createLead -->
        <test-method status="PASS" signature="afterMethod()[pri:0, instance:testCases.TC001_CreateLead@a67c67e]" name="afterMethod" is-config="true" duration-ms="895" started-at="2018-05-26T12:21:39Z" finished-at="2018-05-26T12:21:40Z">
          <reporter-output>
          </reporter-output>
        </test-method> <!-- afterMethod -->
        <test-method status="PASS" signature="afterTest()[pri:0, instance:testCases.TC001_CreateLead@a67c67e]" name="afterTest" is-config="true" duration-ms="0" started-at="2018-05-26T12:21:40Z" finished-at="2018-05-26T12:21:40Z">
          <reporter-output>
          </reporter-output>
        </test-method> <!-- afterTest -->
        <test-method status="PASS" signature="endTestcase()[pri:0, instance:testCases.TC001_CreateLead@a67c67e]" name="endTestcase" is-config="true" duration-ms="0" started-at="2018-05-26T12:21:40Z" finished-at="2018-05-26T12:21:40Z">
          <reporter-output>
          </reporter-output>
        </test-method> <!-- endTestcase -->
        <test-method status="PASS" signature="afterSuite()[pri:0, instance:testCases.TC001_CreateLead@a67c67e]" name="afterSuite" is-config="true" duration-ms="300" started-at="2018-05-26T12:21:40Z" finished-at="2018-05-26T12:21:40Z">
          <reporter-output>
          </reporter-output>
        </test-method> <!-- afterSuite -->
        <test-method status="PASS" signature="endResult()[pri:0, instance:testCases.TC001_CreateLead@a67c67e]" name="endResult" is-config="true" duration-ms="83" started-at="2018-05-26T12:21:40Z" depends-on-methods="wrappers.LeafTapsWrappers.afterSuite" finished-at="2018-05-26T12:21:40Z">
          <reporter-output>
          </reporter-output>
        </test-method> <!-- endResult -->
      </class> <!-- testCases.TC001_CreateLead -->
    </test> <!-- Test -->
  </suite> <!-- Suite -->
</testng-results>
